<?xml version="1.0" encoding="UTF-8"?>
<!-- Generated by org.testng.reporters.JUnitXMLReporter -->
<testsuite hostname="Ashok-PC" name="Default test" tests="8" failures="0" timestamp="12 Aug 2018 14:00:20 GMT" time="41.319" errors="0">
  <testcase name="@BeforeMethod setup" time="0.0" classname="com.sparsh.qa.TestCases.ContactPageTest">
    <failure type="org.openqa.selenium.WebDriverException" message="unknown error: Element &amp;lt;input type=&amp;quot;submit&amp;quot; value=&amp;quot;Login&amp;quot; class=&amp;quot;btn btn-small&amp;quot;&amp;gt; is not clickable at point (912, 102). Other element would receive the click: &amp;lt;div id=&amp;quot;preloader&amp;quot;&amp;gt;...&amp;lt;/div&amp;gt;
  (Session info: chrome=68.0.3440.106)
  (Driver info: chromedriver=2.38.552522 (437e6fbedfa8762dec75e2c5b3ddb86763dc9dcb),platform=Windows NT 6.1.7600 x86) (WARNING: The server did not provide any stacktrace information)
Command duration or timeout: 203 milliseconds
Build info: version: &amp;apos;3.4.0&amp;apos;, revision: &amp;apos;unknown&amp;apos;, time: &amp;apos;unknown&amp;apos;
System info: host: &amp;apos;ASHOK-PC&amp;apos;, ip: &amp;apos;192.168.43.101&amp;apos;, os.name: &amp;apos;Windows 7&amp;apos;, os.arch: &amp;apos;x86&amp;apos;, os.version: &amp;apos;6.1&amp;apos;, java.version: &amp;apos;1.8.0_144&amp;apos;
Driver info: org.openqa.selenium.chrome.ChromeDriver
Capabilities [{applicationCacheEnabled=false, rotatable=false, mobileEmulationEnabled=false, networkConnectionEnabled=false, chrome={chromedriverVersion=2.38.552522 (437e6fbedfa8762dec75e2c5b3ddb86763dc9dcb), userDataDir=C:\Users\WINDOWS7\AppData\Local\Temp\scoped_dir3016_26187}, takesHeapSnapshot=true, pageLoadStrategy=normal, databaseEnabled=false, handlesAlerts=true, hasTouchScreen=false, version=68.0.3440.106, platform=XP, browserConnectionEnabled=false, nativeEvents=true, acceptSslCerts=false, acceptInsecureCerts=false, locationContextEnabled=true, webStorageEnabled=true, browserName=chrome, takesScreenshot=true, javascriptEnabled=true, cssSelectorsEnabled=true, setWindowRect=true, unexpectedAlertBehaviour=}]
Session ID: 1b19c297cdd7b3b33415bcbfbd8b5685">
      <![CDATA[org.openqa.selenium.WebDriverException: unknown error: Element <input type="submit" value="Login" class="btn btn-small"> is not clickable at point (912, 102). Other element would receive the click: <div id="preloader">...</div>
  (Session info: chrome=68.0.3440.106)
  (Driver info: chromedriver=2.38.552522 (437e6fbedfa8762dec75e2c5b3ddb86763dc9dcb),platform=Windows NT 6.1.7600 x86) (WARNING: The server did not provide any stacktrace information)
Command duration or timeout: 203 milliseconds
Build info: version: '3.4.0', revision: 'unknown', time: 'unknown'
System info: host: 'ASHOK-PC', ip: '192.168.43.101', os.name: 'Windows 7', os.arch: 'x86', os.version: '6.1', java.version: '1.8.0_144'
Driver info: org.openqa.selenium.chrome.ChromeDriver
Capabilities [{applicationCacheEnabled=false, rotatable=false, mobileEmulationEnabled=false, networkConnectionEnabled=false, chrome={chromedriverVersion=2.38.552522 (437e6fbedfa8762dec75e2c5b3ddb86763dc9dcb), userDataDir=C:\Users\WINDOWS7\AppData\Local\Temp\scoped_dir3016_26187}, takesHeapSnapshot=true, pageLoadStrategy=normal, databaseEnabled=false, handlesAlerts=true, hasTouchScreen=false, version=68.0.3440.106, platform=XP, browserConnectionEnabled=false, nativeEvents=true, acceptSslCerts=false, acceptInsecureCerts=false, locationContextEnabled=true, webStorageEnabled=true, browserName=chrome, takesScreenshot=true, javascriptEnabled=true, cssSelectorsEnabled=true, setWindowRect=true, unexpectedAlertBehaviour=}]
Session ID: 1b19c297cdd7b3b33415bcbfbd8b5685
	at sun.reflect.NativeConstructorAccessorImpl.newInstance0(Native Method)
	at sun.reflect.NativeConstructorAccessorImpl.newInstance(NativeConstructorAccessorImpl.java:62)
	at sun.reflect.DelegatingConstructorAccessorImpl.newInstance(DelegatingConstructorAccessorImpl.java:45)
	at java.lang.reflect.Constructor.newInstance(Constructor.java:423)
	at org.openqa.selenium.remote.ErrorHandler.createThrowable(ErrorHandler.java:215)
	at org.openqa.selenium.remote.ErrorHandler.throwIfResponseFailed(ErrorHandler.java:167)
	at org.openqa.selenium.remote.RemoteWebDriver.execute(RemoteWebDriver.java:671)
	at org.openqa.selenium.remote.RemoteWebElement.execute(RemoteWebElement.java:272)
	at org.openqa.selenium.remote.RemoteWebElement.click(RemoteWebElement.java:82)
	at sun.reflect.NativeMethodAccessorImpl.invoke0(Native Method)
	at sun.reflect.NativeMethodAccessorImpl.invoke(NativeMethodAccessorImpl.java:62)
	at sun.reflect.DelegatingMethodAccessorImpl.invoke(DelegatingMethodAccessorImpl.java:43)
	at java.lang.reflect.Method.invoke(Method.java:498)
	at org.openqa.selenium.support.events.EventFiringWebDriver$EventFiringWebElement$1.invoke(EventFiringWebDriver.java:332)
	at com.sun.proxy.$Proxy11.click(Unknown Source)
	at org.openqa.selenium.support.events.EventFiringWebDriver$EventFiringWebElement.click(EventFiringWebDriver.java:345)
	at sun.reflect.NativeMethodAccessorImpl.invoke0(Native Method)
	at sun.reflect.NativeMethodAccessorImpl.invoke(NativeMethodAccessorImpl.java:62)
	at sun.reflect.DelegatingMethodAccessorImpl.invoke(DelegatingMethodAccessorImpl.java:43)
	at java.lang.reflect.Method.invoke(Method.java:498)
	at org.openqa.selenium.support.pagefactory.internal.LocatingElementHandler.invoke(LocatingElementHandler.java:51)
	at com.sun.proxy.$Proxy10.click(Unknown Source)
	at com.sparsh.CRMPages.LoginPage.login(LoginPage.java:46)
	at com.sparsh.qa.TestCases.ContactPageTest.setup(ContactPageTest.java:29)
	at sun.reflect.NativeMethodAccessorImpl.invoke0(Native Method)
	at sun.reflect.NativeMethodAccessorImpl.invoke(NativeMethodAccessorImpl.java:62)
	at sun.reflect.DelegatingMethodAccessorImpl.invoke(DelegatingMethodAccessorImpl.java:43)
	at java.lang.reflect.Method.invoke(Method.java:498)
	at org.testng.internal.MethodInvocationHelper.invokeMethod(MethodInvocationHelper.java:80)
	at org.testng.internal.Invoker.invokeConfigurationMethod(Invoker.java:564)
	at org.testng.internal.Invoker.invokeConfigurations(Invoker.java:213)
	at org.testng.internal.Invoker.invokeMethod(Invoker.java:653)
	at org.testng.internal.Invoker.invokeTestMethod(Invoker.java:901)
	at org.testng.internal.Invoker.invokeTestMethods(Invoker.java:1231)
	at org.testng.internal.TestMethodWorker.invokeTestMethods(TestMethodWorker.java:127)
	at org.testng.internal.TestMethodWorker.run(TestMethodWorker.java:111)
	at org.testng.TestRunner.privateRun(TestRunner.java:767)
	at org.testng.TestRunner.run(TestRunner.java:617)
	at org.testng.SuiteRunner.runTest(SuiteRunner.java:334)
	at org.testng.SuiteRunner.runSequentially(SuiteRunner.java:329)
	at org.testng.SuiteRunner.privateRun(SuiteRunner.java:291)
	at org.testng.SuiteRunner.run(SuiteRunner.java:240)
	at org.testng.SuiteRunnerWorker.runSuite(SuiteRunnerWorker.java:52)
	at org.testng.SuiteRunnerWorker.run(SuiteRunnerWorker.java:86)
	at org.testng.TestNG.runSuitesSequentially(TestNG.java:1198)
	at org.testng.TestNG.runSuitesLocally(TestNG.java:1123)
	at org.testng.TestNG.run(TestNG.java:1031)
	at org.testng.remote.AbstractRemoteTestNG.run(AbstractRemoteTestNG.java:114)
	at org.testng.remote.RemoteTestNG.initAndRun(RemoteTestNG.java:251)
	at org.testng.remote.RemoteTestNG.main(RemoteTestNG.java:77)
]]>
    </failure>
  </testcase> <!-- @BeforeMethod setup -->
  <testcase name="@AfterMethod teardown" time="0.0" classname="com.sparsh.qa.TestCases.ContactPageTest">
    <skipped/>
  </testcase> <!-- @AfterMethod teardown -->
  <testcase name="@BeforeMethod setup" time="0.0" classname="com.sparsh.qa.TestCases.ContactPageTest">
    <skipped/>
  </testcase> <!-- @BeforeMethod setup -->
  <testcase name="@AfterMethod teardown" time="0.0" classname="com.sparsh.qa.TestCases.ContactPageTest">
    <skipped/>
  </testcase> <!-- @AfterMethod teardown -->
  <testcase name="@BeforeMethod setup" time="0.0" classname="com.sparsh.qa.TestCases.ContactPageTest">
    <skipped/>
  </testcase> <!-- @BeforeMethod setup -->
  <testcase name="@AfterMethod teardown" time="0.0" classname="com.sparsh.qa.TestCases.ContactPageTest">
    <skipped/>
  </testcase> <!-- @AfterMethod teardown -->
  <testcase name="@BeforeMethod setup" time="0.0" classname="com.sparsh.qa.TestCases.ContactPageTest">
    <skipped/>
  </testcase> <!-- @BeforeMethod setup -->
  <testcase name="@AfterMethod teardown" time="0.0" classname="com.sparsh.qa.TestCases.ContactPageTest">
    <skipped/>
  </testcase> <!-- @AfterMethod teardown -->
  <testcase name="@BeforeMethod setup" time="0.0" classname="com.sparsh.qa.TestCases.ContactPageTest">
    <skipped/>
  </testcase> <!-- @BeforeMethod setup -->
  <testcase name="@AfterMethod teardown" time="0.0" classname="com.sparsh.qa.TestCases.ContactPageTest">
    <skipped/>
  </testcase> <!-- @AfterMethod teardown -->
  <testcase name="@BeforeMethod setup" time="0.0" classname="com.sparsh.qa.TestCases.ContactPageTest">
    <skipped/>
  </testcase> <!-- @BeforeMethod setup -->
  <testcase name="@AfterMethod teardown" time="0.0" classname="com.sparsh.qa.TestCases.ContactPageTest">
    <skipped/>
  </testcase> <!-- @AfterMethod teardown -->
  <testcase name="@BeforeMethod setup" time="0.0" classname="com.sparsh.qa.TestCases.ContactPageTest">
    <skipped/>
  </testcase> <!-- @BeforeMethod setup -->
  <testcase name="@AfterMethod teardown" time="0.0" classname="com.sparsh.qa.TestCases.ContactPageTest">
    <skipped/>
  </testcase> <!-- @AfterMethod teardown -->
  <testcase name="@BeforeMethod setup" time="0.0" classname="com.sparsh.qa.TestCases.ContactPageTest">
    <skipped/>
  </testcase> <!-- @BeforeMethod setup -->
  <testcase name="@AfterMethod teardown" time="0.0" classname="com.sparsh.qa.TestCases.ContactPageTest">
    <skipped/>
  </testcase> <!-- @AfterMethod teardown -->
  <testcase name="validatecombinedformTest" time="0.01" classname="com.sparsh.qa.TestCases.ContactPageTest">
    <skipped/>
  </testcase> <!-- validatecombinedformTest -->
  <testcase name="createnewcontactTests" time="0.002" classname="com.sparsh.qa.TestCases.ContactPageTest">
    <skipped/>
  </testcase> <!-- createnewcontactTests -->
  <testcase name="verifyLableTextTest" time="0.002" classname="com.sparsh.qa.TestCases.ContactPageTest">
    <skipped/>
  </testcase> <!-- verifyLableTextTest -->
  <testcase name="verifycontactlableTest" time="0.008" classname="com.sparsh.qa.TestCases.ContactPageTest">
    <skipped/>
  </testcase> <!-- verifycontactlableTest -->
  <testcase name="verifyframelistTest" time="0.002" classname="com.sparsh.qa.TestCases.ContactPageTest">
    <skipped/>
  </testcase> <!-- verifyframelistTest -->
  <testcase name="createnewcontactTestss" time="0.003" classname="com.sparsh.qa.TestCases.ContactPageTest">
    <skipped/>
  </testcase> <!-- createnewcontactTestss -->
  <testcase name="createnewcontactTestss" time="0.0" classname="com.sparsh.qa.TestCases.ContactPageTest">
    <skipped/>
  </testcase> <!-- createnewcontactTestss -->
  <testcase name="createnewcontactTestss" time="0.002" classname="com.sparsh.qa.TestCases.ContactPageTest">
    <skipped/>
  </testcase> <!-- createnewcontactTestss -->
</testsuite> <!-- Default test -->
